# JRE version: OpenJDK Runtime Environment (11.0.11+9) (build 11.0.11+9-b60-7590822)
# Java VM: OpenJDK 64-Bit Server VM (11.0.11+9-b60-7590822, mixed mode, tiered, compressed oops, g1 gc, windows-amd64)
Heap:
 garbage-first heap   total 318464K, used 183282K [0x0000000080000000, 0x0000000100000000)
  region size 1024K, 5 young (5120K), 5 survivors (5120K)
 Metaspace       used 133049K, capacity 136956K, committed 137292K, reserved 1169408K
  class space    used 16846K, capacity 18218K, committed 18304K, reserved 1048576K
GC Heap History (20 events):
Event: 1679.014 GC heap after
{Heap after GC invocations=88 (full 0):
 garbage-first heap   total 212992K, used 129175K [0x0000000080000000, 0x0000000100000000)
  region size 1024K, 1 young (1024K), 1 survivors (1024K)
 Metaspace       used 125723K, capacity 129221K, committed 129356K, reserved 1161216K
  class space    used 15789K, capacity 17012K, committed 17024K, reserved 1048576K
}
Event: 1680.068 GC heap before
{Heap before GC invocations=88 (full 0):
 garbage-first heap   total 212992K, used 161943K [0x0000000080000000, 0x0000000100000000)
  region size 1024K, 34 young (34816K), 1 survivors (1024K)
 Metaspace       used 126776K, capacity 130304K, committed 130636K, reserved 1163264K
  class space    used 15919K, capacity 17180K, committed 17280K, reserved 1048576K
}
Event: 1680.076 GC heap after
{Heap after GC invocations=89 (full 0):
 garbage-first heap   total 212992K, used 130843K [0x0000000080000000, 0x0000000100000000)
  region size 1024K, 3 young (3072K), 3 survivors (3072K)
 Metaspace       used 126776K, capacity 130304K, committed 130636K, reserved 1163264K
  class space    used 15919K, capacity 17180K, committed 17280K, reserved 1048576K
}
Event: 1681.190 GC heap before
{Heap before GC invocations=89 (full 0):
 garbage-first heap   total 212992K, used 164635K [0x0000000080000000, 0x0000000100000000)
  region size 1024K, 37 young (37888K), 3 survivors (3072K)
 Metaspace       used 127102K, capacity 130660K, committed 130892K, reserved 1163264K
  class space    used 15968K, capacity 17233K, committed 17280K, reserved 1048576K
}
Event: 1681.201 GC heap after
{Heap after GC invocations=90 (full 0):
 garbage-first heap   total 212992K, used 133419K [0x0000000080000000, 0x0000000100000000)
  region size 1024K, 5 young (5120K), 5 survivors (5120K)
 Metaspace       used 127102K, capacity 130660K, committed 130892K, reserved 1163264K
  class space    used 15968K, capacity 17233K, committed 17280K, reserved 1048576K
}
Event: 1682.415 GC heap before
{Heap before GC invocations=90 (full 0):
 garbage-first heap   total 212992K, used 170283K [0x0000000080000000, 0x0000000100000000)
  region size 1024K, 40 young (40960K), 5 survivors (5120K)
 Metaspace       used 127421K, capacity 131078K, committed 131276K, reserved 1163264K
  class space    used 16003K, capacity 17293K, committed 17408K, reserved 1048576K
}
Event: 1682.429 GC heap after
{Heap after GC invocations=91 (full 0):
 garbage-first heap   total 212992K, used 131336K [0x0000000080000000, 0x0000000100000000)
  region size 1024K, 2 young (2048K), 2 survivors (2048K)
 Metaspace       used 127421K, capacity 131078K, committed 131276K, reserved 1163264K
  class space    used 16003K, capacity 17293K, committed 17408K, reserved 1048576K
}
Event: 1682.705 GC heap before
{Heap before GC invocations=91 (full 0):
 garbage-first heap   total 212992K, used 169224K [0x0000000080000000, 0x0000000100000000)
  region size 1024K, 40 young (40960K), 2 survivors (2048K)
 Metaspace       used 128044K, capacity 131727K, committed 131788K, reserved 1163264K
  class space    used 16089K, capacity 17380K, committed 17408K, reserved 1048576K
}
Event: 1682.714 GC heap after
{Heap after GC invocations=92 (full 0):
 garbage-first heap   total 212992K, used 141622K [0x0000000080000000, 0x0000000100000000)
  region size 1024K, 5 young (5120K), 5 survivors (5120K)
 Metaspace       used 128044K, capacity 131727K, committed 131788K, reserved 1163264K
  class space    used 16089K, capacity 17380K, committed 17408K, reserved 1048576K
}
Event: 1683.177 GC heap before
{Heap before GC invocations=92 (full 0):
 garbage-first heap   total 212992K, used 172342K [0x0000000080000000, 0x0000000100000000)
  region size 1024K, 36 young (36864K), 5 survivors (5120K)
 Metaspace       used 129417K, capacity 133113K, committed 133324K, reserved 1165312K
  class space    used 16266K, capacity 17586K, committed 17664K, reserved 1048576K
}
Event: 1683.193 GC heap after
{Heap after GC invocations=93 (full 0):
 garbage-first heap   total 212992K, used 148480K [0x0000000080000000, 0x0000000100000000)
  region size 1024K, 5 young (5120K), 5 survivors (5120K)
 Metaspace       used 129417K, capacity 133113K, committed 133324K, reserved 1165312K
  class space    used 16266K, capacity 17586K, committed 17664K, reserved 1048576K
}
Event: 1683.485 GC heap before
{Heap before GC invocations=93 (full 0):
 garbage-first heap   total 212992K, used 175104K [0x0000000080000000, 0x0000000100000000)
  region size 1024K, 32 young (32768K), 5 survivors (5120K)
 Metaspace       used 129971K, capacity 133700K, committed 133836K, reserved 1165312K
  class space    used 16329K, capacity 17651K, committed 17664K, reserved 1048576K
}
Event: 1683.509 GC heap after
{Heap after GC invocations=94 (full 0):
 garbage-first heap   total 256000K, used 153600K [0x0000000080000000, 0x0000000100000000)
  region size 1024K, 4 young (4096K), 4 survivors (4096K)
 Metaspace       used 129971K, capacity 133700K, committed 133836K, reserved 1165312K
  class space    used 16329K, capacity 17651K, committed 17664K, reserved 1048576K
}
Event: 1683.859 GC heap before
{Heap before GC invocations=94 (full 0):
 garbage-first heap   total 256000K, used 197632K [0x0000000080000000, 0x0000000100000000)
  region size 1024K, 47 young (48128K), 4 survivors (4096K)
 Metaspace       used 130958K, capacity 134718K, committed 134860K, reserved 1167360K
  class space    used 16466K, capacity 17803K, committed 17920K, reserved 1048576K
}
Event: 1683.890 GC heap after
{Heap after GC invocations=95 (full 0):
 garbage-first heap   total 256000K, used 162340K [0x0000000080000000, 0x0000000100000000)
  region size 1024K, 6 young (6144K), 6 survivors (6144K)
 Metaspace       used 130958K, capacity 134718K, committed 134860K, reserved 1167360K
  class space    used 16466K, capacity 17803K, committed 17920K, reserved 1048576K
}
Event: 1684.069 GC heap before
{Heap before GC invocations=95 (full 0):
 garbage-first heap   total 256000K, used 203300K [0x0000000080000000, 0x0000000100000000)
  region size 1024K, 46 young (47104K), 6 survivors (6144K)
 Metaspace       used 131232K, capacity 134990K, committed 135116K, reserved 1167360K
  class space    used 16511K, capacity 17849K, committed 17920K, reserved 1048576K
}
Event: 1684.098 GC heap after
{Heap after GC invocations=96 (full 0):
 garbage-first heap   total 256000K, used 169984K [0x0000000080000000, 0x0000000100000000)
  region size 1024K, 6 young (6144K), 6 survivors (6144K)
 Metaspace       used 131232K, capacity 134990K, committed 135116K, reserved 1167360K
  class space    used 16511K, capacity 17849K, committed 17920K, reserved 1048576K
}
Event: 1684.247 GC heap before
{Heap before GC invocations=96 (full 0):
 garbage-first heap   total 256000K, used 207872K [0x0000000080000000, 0x0000000100000000)
  region size 1024K, 43 young (44032K), 6 survivors (6144K)
 Metaspace       used 131570K, capacity 135362K, committed 135500K, reserved 1167360K
  class space    used 16597K, capacity 17952K, committed 18048K, reserved 1048576K
}
Event: 1684.275 GC heap after
{Heap after GC invocations=97 (full 0):
 garbage-first heap   total 256000K, used 177142K [0x0000000080000000, 0x0000000100000000)
  region size 1024K, 6 young (6144K), 6 survivors (6144K)
 Metaspace       used 131570K, capacity 135362K, committed 135500K, reserved 1167360K
  class space    used 16597K, capacity 17952K, committed 18048K, reserved 1048576K
}
Event: 1684.560 GC heap before
{Heap before GC invocations=97 (full 0):
 garbage-first heap   total 256000K, used 211958K [0x0000000080000000, 0x0000000100000000)
  region size 1024K, 40 young (40960K), 6 survivors (6144K)
 Metaspace       used 133049K, capacity 136956K, committed 137292K, reserved 1169408K
  class space    used 16846K, capacity 18218K, committed 18304K, reserved 1048576K
}

