# JRE version: OpenJDK Runtime Environment (11.0.11+9) (build 11.0.11+9-b60-7590822)
# Java VM: OpenJDK 64-Bit Server VM (11.0.11+9-b60-7590822, mixed mode, tiered, compressed oops, g1 gc, windows-amd64)
Heap:
 garbage-first heap   total 256000K, used 203806K [0x0000000080000000, 0x0000000100000000)
  region size 1024K, 56 young (57344K), 8 survivors (8192K)
 Metaspace       used 116539K, capacity 119489K, committed 119756K, reserved 1153024K
  class space    used 14588K, capacity 15705K, committed 15820K, reserved 1048576K
GC Heap History (20 events):
Event: 89.885 GC heap before
{Heap before GC invocations=74 (full 0):
 garbage-first heap   total 256000K, used 223776K [0x0000000080000000, 0x0000000100000000)
  region size 1024K, 89 young (91136K), 7 survivors (7168K)
 Metaspace       used 116384K, capacity 119329K, committed 119372K, reserved 1153024K
  class space    used 14571K, capacity 15678K, committed 15692K, reserved 1048576K
}
Event: 89.903 GC heap after
{Heap after GC invocations=75 (full 0):
 garbage-first heap   total 256000K, used 137061K [0x0000000080000000, 0x0000000100000000)
  region size 1024K, 5 young (5120K), 5 survivors (5120K)
 Metaspace       used 116384K, capacity 119329K, committed 119372K, reserved 1153024K
  class space    used 14571K, capacity 15678K, committed 15692K, reserved 1048576K
}
Event: 91.994 GC heap before
{Heap before GC invocations=75 (full 0):
 garbage-first heap   total 256000K, used 222053K [0x0000000080000000, 0x0000000100000000)
  region size 1024K, 89 young (91136K), 5 survivors (5120K)
 Metaspace       used 116434K, capacity 119442K, committed 119756K, reserved 1153024K
  class space    used 14579K, capacity 15694K, committed 15820K, reserved 1048576K
}
Event: 92.009 GC heap after
{Heap after GC invocations=76 (full 0):
 garbage-first heap   total 256000K, used 136475K [0x0000000080000000, 0x0000000100000000)
  region size 1024K, 4 young (4096K), 4 survivors (4096K)
 Metaspace       used 116434K, capacity 119442K, committed 119756K, reserved 1153024K
  class space    used 14579K, capacity 15694K, committed 15820K, reserved 1048576K
}
Event: 93.652 GC heap before
{Heap before GC invocations=76 (full 0):
 garbage-first heap   total 256000K, used 223515K [0x0000000080000000, 0x0000000100000000)
  region size 1024K, 90 young (92160K), 4 survivors (4096K)
 Metaspace       used 116487K, capacity 119465K, committed 119756K, reserved 1153024K
  class space    used 14581K, capacity 15697K, committed 15820K, reserved 1048576K
}
Event: 93.673 GC heap after
{Heap after GC invocations=77 (full 0):
 garbage-first heap   total 256000K, used 140771K [0x0000000080000000, 0x0000000100000000)
  region size 1024K, 9 young (9216K), 9 survivors (9216K)
 Metaspace       used 116487K, capacity 119465K, committed 119756K, reserved 1153024K
  class space    used 14581K, capacity 15697K, committed 15820K, reserved 1048576K
}
Event: 95.302 GC heap before
{Heap before GC invocations=77 (full 0):
 garbage-first heap   total 256000K, used 219619K [0x0000000080000000, 0x0000000100000000)
  region size 1024K, 86 young (88064K), 9 survivors (9216K)
 Metaspace       used 116496K, capacity 119467K, committed 119756K, reserved 1153024K
  class space    used 14581K, capacity 15697K, committed 15820K, reserved 1048576K
}
Event: 95.336 GC heap after
{Heap after GC invocations=78 (full 0):
 garbage-first heap   total 256000K, used 146992K [0x0000000080000000, 0x0000000100000000)
  region size 1024K, 11 young (11264K), 11 survivors (11264K)
 Metaspace       used 116496K, capacity 119467K, committed 119756K, reserved 1153024K
  class space    used 14581K, capacity 15697K, committed 15820K, reserved 1048576K
}
Event: 96.123 GC heap before
{Heap before GC invocations=78 (full 0):
 garbage-first heap   total 256000K, used 217648K [0x0000000080000000, 0x0000000100000000)
  region size 1024K, 80 young (81920K), 11 survivors (11264K)
 Metaspace       used 116505K, capacity 119467K, committed 119756K, reserved 1153024K
  class space    used 14581K, capacity 15697K, committed 15820K, reserved 1048576K
}
Event: 96.147 GC heap after
{Heap after GC invocations=79 (full 0):
 garbage-first heap   total 256000K, used 149221K [0x0000000080000000, 0x0000000100000000)
  region size 1024K, 3 young (3072K), 3 survivors (3072K)
 Metaspace       used 116505K, capacity 119467K, committed 119756K, reserved 1153024K
  class space    used 14581K, capacity 15697K, committed 15820K, reserved 1048576K
}
Event: 97.049 GC heap before
{Heap before GC invocations=79 (full 0):
 garbage-first heap   total 256000K, used 217829K [0x0000000080000000, 0x0000000100000000)
  region size 1024K, 70 young (71680K), 3 survivors (3072K)
 Metaspace       used 116506K, capacity 119467K, committed 119756K, reserved 1153024K
  class space    used 14581K, capacity 15697K, committed 15820K, reserved 1048576K
}
Event: 97.061 GC heap after
{Heap after GC invocations=80 (full 0):
 garbage-first heap   total 256000K, used 150159K [0x0000000080000000, 0x0000000100000000)
  region size 1024K, 4 young (4096K), 4 survivors (4096K)
 Metaspace       used 116506K, capacity 119467K, committed 119756K, reserved 1153024K
  class space    used 14581K, capacity 15697K, committed 15820K, reserved 1048576K
}
Event: 97.718 GC heap before
{Heap before GC invocations=80 (full 0):
 garbage-first heap   total 256000K, used 218767K [0x0000000080000000, 0x0000000100000000)
  region size 1024K, 71 young (72704K), 4 survivors (4096K)
 Metaspace       used 116510K, capacity 119467K, committed 119756K, reserved 1153024K
  class space    used 14581K, capacity 15697K, committed 15820K, reserved 1048576K
}
Event: 97.723 GC heap after
{Heap after GC invocations=81 (full 0):
 garbage-first heap   total 256000K, used 148691K [0x0000000080000000, 0x0000000100000000)
  region size 1024K, 2 young (2048K), 2 survivors (2048K)
 Metaspace       used 116510K, capacity 119467K, committed 119756K, reserved 1153024K
  class space    used 14581K, capacity 15697K, committed 15820K, reserved 1048576K
}
Event: 98.353 GC heap before
{Heap before GC invocations=81 (full 0):
 garbage-first heap   total 256000K, used 219347K [0x0000000080000000, 0x0000000100000000)
  region size 1024K, 71 young (72704K), 2 survivors (2048K)
 Metaspace       used 116524K, capacity 119486K, committed 119756K, reserved 1153024K
  class space    used 14586K, capacity 15704K, committed 15820K, reserved 1048576K
}
Event: 98.359 GC heap after
{Heap after GC invocations=82 (full 0):
 garbage-first heap   total 256000K, used 148829K [0x0000000080000000, 0x0000000100000000)
  region size 1024K, 3 young (3072K), 3 survivors (3072K)
 Metaspace       used 116524K, capacity 119486K, committed 119756K, reserved 1153024K
  class space    used 14586K, capacity 15704K, committed 15820K, reserved 1048576K
}
Event: 99.519 GC heap before
{Heap before GC invocations=82 (full 0):
 garbage-first heap   total 256000K, used 218461K [0x0000000080000000, 0x0000000100000000)
  region size 1024K, 72 young (73728K), 3 survivors (3072K)
 Metaspace       used 116526K, capacity 119486K, committed 119756K, reserved 1153024K
  class space    used 14587K, capacity 15704K, committed 15820K, reserved 1048576K
}
Event: 99.525 GC heap after
{Heap after GC invocations=83 (full 0):
 garbage-first heap   total 256000K, used 152421K [0x0000000080000000, 0x0000000100000000)
  region size 1024K, 6 young (6144K), 6 survivors (6144K)
 Metaspace       used 116526K, capacity 119486K, committed 119756K, reserved 1153024K
  class space    used 14587K, capacity 15704K, committed 15820K, reserved 1048576K
}
Event: 100.147 GC heap before
{Heap before GC invocations=83 (full 0):
 garbage-first heap   total 256000K, used 218981K [0x0000000080000000, 0x0000000100000000)
  region size 1024K, 72 young (73728K), 6 survivors (6144K)
 Metaspace       used 116537K, capacity 119489K, committed 119756K, reserved 1153024K
  class space    used 14588K, capacity 15705K, committed 15820K, reserved 1048576K
}
Event: 100.162 GC heap after
{Heap after GC invocations=84 (full 0):
 garbage-first heap   total 256000K, used 155678K [0x0000000080000000, 0x0000000100000000)
  region size 1024K, 8 young (8192K), 8 survivors (8192K)
 Metaspace       used 116537K, capacity 119489K, committed 119756K, reserved 1153024K
  class space    used 14588K, capacity 15705K, committed 15820K, reserved 1048576K
}

